[2017-04-05 13:36:26.428] [INFO] pomelo - [32m[/Users/apple/git/pomelo/template/game-server/node_modules/pomelo/lib/application.js] [39mapplication inited: "connector-server-1"
[2017-04-05 13:36:27.088] [INFO] pomelo - [32m[/Users/apple/git/pomelo/template/game-server/node_modules/pomelo/lib/application.js] [39m"connector-server-1" enter after start...
[2017-04-05 13:36:27.560] [INFO] pomelo - [32m[/Users/apple/git/pomelo/template/game-server/node_modules/pomelo/lib/application.js] [39m"connector-server-1" finish start
[2017-04-05 13:36:27.560] [INFO] pomelo - [32m[/Users/apple/git/pomelo/template/game-server/node_modules/pomelo/lib/application.js] [39m"connector-server-1" startup in 1089 ms
[2017-04-05 13:36:42.184] [INFO] pomelo - [32m[/Users/apple/git/pomelo/template/game-server/node_modules/pomelo/lib/application.js] [39mapplication inited: "connector-server-1"
[2017-04-05 13:36:42.716] [INFO] pomelo - [32m[/Users/apple/git/pomelo/template/game-server/node_modules/pomelo/lib/application.js] [39m"connector-server-1" enter after start...
[2017-04-05 13:36:43.153] [INFO] pomelo - [32m[/Users/apple/git/pomelo/template/game-server/node_modules/pomelo/lib/application.js] [39m"connector-server-1" finish start
[2017-04-05 13:36:43.153] [INFO] pomelo - [32m[/Users/apple/git/pomelo/template/game-server/node_modules/pomelo/lib/application.js] [39m"connector-server-1" startup in 940 ms
[2017-04-05 13:38:27.457] [INFO] pomelo - [32m[/Users/apple/git/pomelo/template/game-server/node_modules/pomelo/lib/application.js] [39mapplication inited: "connector-server-1"
[2017-04-05 13:38:27.990] [INFO] pomelo - [32m[/Users/apple/git/pomelo/template/game-server/node_modules/pomelo/lib/application.js] [39m"connector-server-1" enter after start...
[2017-04-05 13:38:28.440] [INFO] pomelo - [32m[/Users/apple/git/pomelo/template/game-server/node_modules/pomelo/lib/application.js] [39m"connector-server-1" finish start
[2017-04-05 13:38:28.440] [INFO] pomelo - [32m[/Users/apple/git/pomelo/template/game-server/node_modules/pomelo/lib/application.js] [39m"connector-server-1" startup in 965 ms
[2017-04-05 13:38:36.691] [DEBUG] pomelo - [36m[/Users/apple/git/pomelo/template/game-server/node_modules/pomelo/lib/components/connector.js] [39m[connector-server-1] getSession session is created with session id: 1
[2017-04-05 13:38:36.713] [DEBUG] pomelo - [36m[/Users/apple/git/pomelo/template/game-server/node_modules/pomelo/lib/components/connector.js] [39m[connector-server-1] handleMessage session id: 1, msg: {"id":2,"route":"connector.entryHandler.entry","body":"hello pomelo"}
[2017-04-05 13:38:36.718] [DEBUG] pomelo - [36m[/Users/apple/git/pomelo/template/game-server/node_modules/pomelo/lib/components/connector.js] [39m[connector-server-1] send message reqId: 2, route: connector.entryHandler.entry, msg: {"code":200,"msg":"game server is ok."}, receivers: [1], opts: {"type":"response","userOptions":{},"isResponse":true}
[2017-04-05 13:43:31.197] [INFO] pomelo - [32m[/Users/apple/git/pomelo/template/game-server/node_modules/pomelo/lib/application.js] [39mapplication inited: "connector-server-1"
[2017-04-05 13:43:31.626] [INFO] pomelo - [32m[/Users/apple/git/pomelo/template/game-server/node_modules/pomelo/lib/application.js] [39m"connector-server-1" enter after start...
[2017-04-05 13:43:31.988] [INFO] pomelo - [32m[/Users/apple/git/pomelo/template/game-server/node_modules/pomelo/lib/application.js] [39m"connector-server-1" finish start
[2017-04-05 13:43:31.989] [INFO] pomelo - [32m[/Users/apple/git/pomelo/template/game-server/node_modules/pomelo/lib/application.js] [39m"connector-server-1" startup in 774 ms
[2017-04-05 13:43:32.610] [DEBUG] pomelo - [36m[/Users/apple/git/pomelo/template/game-server/node_modules/pomelo/lib/components/connector.js] [39m[connector-server-1] getSession session is created with session id: 1
[2017-04-05 13:43:32.627] [DEBUG] pomelo - [36m[/Users/apple/git/pomelo/template/game-server/node_modules/pomelo/lib/components/connector.js] [39m[connector-server-1] handleMessage session id: 1, msg: {"id":3,"route":"connector.entryHandler.entry","body":"hello pomelo"}
[2017-04-05 13:43:32.632] [DEBUG] pomelo - [36m[/Users/apple/git/pomelo/template/game-server/node_modules/pomelo/lib/components/connector.js] [39m[connector-server-1] send message reqId: 3, route: connector.entryHandler.entry, msg: {"code":200,"msg":"game server is ok."}, receivers: [1], opts: {"type":"response","userOptions":{},"isResponse":true}
[2017-04-05 13:43:41.106] [DEBUG] pomelo - [36m[/Users/apple/git/pomelo/template/game-server/node_modules/pomelo/lib/common/service/sessionService.js] [39msession on [connector-server-1] is closed with session id: 1
[2017-04-05 13:43:41.179] [DEBUG] pomelo - [36m[/Users/apple/git/pomelo/template/game-server/node_modules/pomelo/lib/components/connector.js] [39m[connector-server-1] getSession session is created with session id: 2
[2017-04-05 13:43:41.202] [DEBUG] pomelo - [36m[/Users/apple/git/pomelo/template/game-server/node_modules/pomelo/lib/components/connector.js] [39m[connector-server-1] handleMessage session id: 2, msg: {"id":2,"route":"connector.entryHandler.entry","body":"hello pomelo"}
[2017-04-05 13:43:41.203] [DEBUG] pomelo - [36m[/Users/apple/git/pomelo/template/game-server/node_modules/pomelo/lib/components/connector.js] [39m[connector-server-1] send message reqId: 2, route: connector.entryHandler.entry, msg: {"code":200,"msg":"game server is ok."}, receivers: [2], opts: {"type":"response","userOptions":{},"isResponse":true}
[2017-04-05 13:43:57.824] [DEBUG] pomelo - [36m[/Users/apple/git/pomelo/template/game-server/node_modules/pomelo/lib/common/service/sessionService.js] [39msession on [connector-server-1] is closed with session id: 2
[2017-04-05 13:43:57.887] [DEBUG] pomelo - [36m[/Users/apple/git/pomelo/template/game-server/node_modules/pomelo/lib/components/connector.js] [39m[connector-server-1] getSession session is created with session id: 3
[2017-04-05 13:43:58.363] [DEBUG] pomelo - [36m[/Users/apple/git/pomelo/template/game-server/node_modules/pomelo/lib/components/connector.js] [39m[connector-server-1] handleMessage session id: 3, msg: {"id":2,"route":"connector.entryHandler.entry","body":"hello pomelo"}
[2017-04-05 13:44:01.484] [DEBUG] pomelo - [36m[/Users/apple/git/pomelo/template/game-server/node_modules/pomelo/lib/components/connector.js] [39m[connector-server-1] send message reqId: 2, route: connector.entryHandler.entry, msg: {"code":200,"msg":"game server is ok."}, receivers: [3], opts: {"type":"response","userOptions":{},"isResponse":true}
[2017-04-05 13:44:43.433] [DEBUG] pomelo - [36m[/Users/apple/git/pomelo/template/game-server/node_modules/pomelo/lib/common/service/sessionService.js] [39msession on [connector-server-1] is closed with session id: 3
[2017-04-05 13:44:43.466] [DEBUG] pomelo - [36m[/Users/apple/git/pomelo/template/game-server/node_modules/pomelo/lib/components/connector.js] [39m[connector-server-1] getSession session is created with session id: 4
[2017-04-05 13:44:43.659] [DEBUG] pomelo - [36m[/Users/apple/git/pomelo/template/game-server/node_modules/pomelo/lib/components/connector.js] [39m[connector-server-1] handleMessage session id: 4, msg: {"id":2,"route":"connector.entryHandler.entry","body":"hello pomelo"}
[2017-04-05 13:44:43.659] [DEBUG] pomelo - [36m[/Users/apple/git/pomelo/template/game-server/node_modules/pomelo/lib/components/connector.js] [39m[connector-server-1] send message reqId: 2, route: connector.entryHandler.entry, msg: {"code":200,"msg":"game server is ok."}, receivers: [4], opts: {"type":"response","userOptions":{},"isResponse":true}
[2017-04-05 13:44:57.296] [DEBUG] pomelo - [36m[/Users/apple/git/pomelo/template/game-server/node_modules/pomelo/lib/components/connector.js] [39m[connector-server-1] getSession session is created with session id: 5
[2017-04-05 13:44:57.375] [DEBUG] pomelo - [36m[/Users/apple/git/pomelo/template/game-server/node_modules/pomelo/lib/components/connector.js] [39m[connector-server-1] handleMessage session id: 5, msg: {"id":2,"route":"connector.entryHandler.entry","body":"hello pomelo"}
[2017-04-05 13:44:57.375] [DEBUG] pomelo - [36m[/Users/apple/git/pomelo/template/game-server/node_modules/pomelo/lib/components/connector.js] [39m[connector-server-1] send message reqId: 2, route: connector.entryHandler.entry, msg: {"code":200,"msg":"game server is ok."}, receivers: [5], opts: {"type":"response","userOptions":{},"isResponse":true}
[2017-04-05 13:44:59.052] [DEBUG] pomelo - [36m[/Users/apple/git/pomelo/template/game-server/node_modules/pomelo/lib/common/service/sessionService.js] [39msession on [connector-server-1] is closed with session id: 5
[2017-04-05 13:45:01.269] [DEBUG] pomelo - [36m[/Users/apple/git/pomelo/template/game-server/node_modules/pomelo/lib/components/connector.js] [39m[connector-server-1] getSession session is created with session id: 6
[2017-04-05 13:45:01.738] [DEBUG] pomelo - [36m[/Users/apple/git/pomelo/template/game-server/node_modules/pomelo/lib/components/connector.js] [39m[connector-server-1] handleMessage session id: 6, msg: {"id":2,"route":"connector.entryHandler.entry","body":"hello pomelo"}
[2017-04-05 13:45:01.739] [DEBUG] pomelo - [36m[/Users/apple/git/pomelo/template/game-server/node_modules/pomelo/lib/components/connector.js] [39m[connector-server-1] send message reqId: 2, route: connector.entryHandler.entry, msg: {"code":200,"msg":"game server is ok."}, receivers: [6], opts: {"type":"response","userOptions":{},"isResponse":true}
[2017-04-05 13:54:53.073] [DEBUG] pomelo - [36m[/Users/apple/git/pomelo/template/game-server/node_modules/pomelo/lib/common/service/sessionService.js] [39msession on [connector-server-1] is closed with session id: 4
